<?xml version="1.0" encoding="UTF-8"?>
<testsuite xmlns:xsi="http://www.w3.org/2001/XMLSchema-instance" xsi:noNamespaceSchemaLocation="https://maven.apache.org/surefire/maven-surefire-plugin/xsd/surefire-test-report.xsd" name="no.ntnu.jorgfi.enigma.model.AnalyzerTest" time="0.011" tests="4" errors="0" skipped="0" failures="0">
  <properties>
[...]
</properties>
  <testcase name="analyseOneSentence_postive" classname="no.ntnu.jorgfi.enigma.model.AnalyzerTest" time="0.001"/>
  <testcase name="analyzeSeveralSentences_positive" classname="no.ntnu.jorgfi.enigma.model.AnalyzerTest" time="0"/>
  <testcase name="analyzeSeveralSentences_negative" classname="no.ntnu.jorgfi.enigma.model.AnalyzerTest" time="0.001"/>
  <testcase name="analyseOneSentence_negative" classname="no.ntnu.jorgfi.enigma.model.AnalyzerTest" time="0"/>
</testsuite>